[00:24:02.956] Global cache location '/home/master/.cache/typescript/4.5', safe file path '/usr/lib/node_modules/typescript/lib/typingSafeList.json', types map path /usr/lib/node_modules/typescript/lib/typesMap.json
[00:24:02.956] Processing cache location '/home/master/.cache/typescript/4.5'
[00:24:02.956] Trying to find '/home/master/.cache/typescript/4.5/package.json'...
[00:24:02.960] Loaded content of '/home/master/.cache/typescript/4.5/package.json': {"private":true,"dependencies":{"types-registry":"^0.1.592"},"devDependencies":{"@types/color-convert":"^2.0.0","@types/color-name":"^1.1.1","@types/object-assign":"^4.0.30","@types/prompts":"^2.0.14","@types/react":"^18.0.5","@types/require-directory":"^2.1.2","@types/wrap-ansi":"^8.0.1","@types/yar":"^9.1.1","@types/yargs":"^17.0.10","@types/yargs-parser":"^21.0.0"}}
[00:24:02.960] Loaded content of '/home/master/.cache/typescript/4.5/package-lock.json'
[00:24:02.974] Adding entry into typings cache: 'color-convert' => '/home/master/.cache/typescript/4.5/node_modules/@types/color-convert/index.d.ts'
[00:24:02.977] Adding entry into typings cache: 'color-name' => '/home/master/.cache/typescript/4.5/node_modules/@types/color-name/index.d.ts'
[00:24:02.979] Adding entry into typings cache: 'object-assign' => '/home/master/.cache/typescript/4.5/node_modules/@types/object-assign/index.d.ts'
[00:24:02.982] Adding entry into typings cache: 'prompts' => '/home/master/.cache/typescript/4.5/node_modules/@types/prompts/index.d.ts'
[00:24:02.987] Adding entry into typings cache: 'react' => '/home/master/.cache/typescript/4.5/node_modules/@types/react/index.d.ts'
[00:24:02.989] Adding entry into typings cache: 'require-directory' => '/home/master/.cache/typescript/4.5/node_modules/@types/require-directory/index.d.ts'
[00:24:02.992] Adding entry into typings cache: 'wrap-ansi' => '/home/master/.cache/typescript/4.5/node_modules/@types/wrap-ansi/index.d.ts'
[00:24:02.994] Adding entry into typings cache: 'yar' => '/home/master/.cache/typescript/4.5/node_modules/@types/yar/index.d.ts'
[00:24:02.998] Adding entry into typings cache: 'yargs' => '/home/master/.cache/typescript/4.5/node_modules/@types/yargs/index.d.ts'
[00:24:03.001] Adding entry into typings cache: 'yargs-parser' => '/home/master/.cache/typescript/4.5/node_modules/@types/yargs-parser/index.d.ts'
[00:24:03.001] Finished processing cache location '/home/master/.cache/typescript/4.5'
[00:24:03.001] Process id: 377333
[00:24:03.001] NPM location: /usr/local/bin/npm (explicit '--npmLocation' not  provided)
[00:24:03.001] validateDefaultNpmLocation: false
[00:24:03.001] Npm config file: /home/master/.cache/typescript/4.5/package.json
[00:24:03.001] Updating types-registry npm package...
[00:24:03.001] Exec: /usr/local/bin/npm install --ignore-scripts types-registry@latest
[00:24:04.783]     Succeeded. stdout:
    
    changed 1 package, and audited 30 packages in 1s

found 0 vulnerabilities

[00:24:04.783] Updated types-registry npm package
[00:24:07.203] Got install request {"projectName":"/dev/null/inferredProject1*","fileNames":["/usr/lib/node_modules/typescript/lib/lib.es5.d.ts","/usr/lib/node_modules/typescript/lib/lib.es2015.d.ts","/usr/lib/node_modules/typescript/lib/lib.es2016.d.ts","/usr/lib/node_modules/typescript/lib/lib.dom.d.ts","/usr/lib/node_modules/typescript/lib/lib.dom.iterable.d.ts","/usr/lib/node_modules/typescript/lib/lib.webworker.importscripts.d.ts","/usr/lib/node_modules/typescript/lib/lib.scripthost.d.ts","/usr/lib/node_modules/typescript/lib/lib.es2015.core.d.ts","/usr/lib/node_modules/typescript/lib/lib.es2015.collection.d.ts","/usr/lib/node_modules/typescript/lib/lib.es2015.generator.d.ts","/usr/lib/node_modules/typescript/lib/lib.es2015.iterable.d.ts","/usr/lib/node_modules/typescript/lib/lib.es2015.promise.d.ts","/usr/lib/node_modules/typescript/lib/lib.es2015.proxy.d.ts","/usr/lib/node_modules/typescript/lib/lib.es2015.reflect.d.ts","/usr/lib/node_modules/typescript/lib/lib.es2015.symbol.d.ts","/usr/lib/node_modules/typescript/lib/lib.es2015.symbol.wellknown.d.ts","/usr/lib/node_modules/typescript/lib/lib.es2016.array.include.d.ts","/usr/lib/node_modules/typescript/lib/lib.es2016.full.d.ts","/home/master/Projects/thewebmasterp.com/content/js/script.js"],"compilerOptions":{"module":1,"target":3,"jsx":1,"allowJs":true,"allowSyntheticDefaultImports":true,"allowNonTsExtensions":true,"noEmitForJsFiles":true,"maxNodeModuleJsDepth":2},"typeAcquisition":{"enable":true,"include":[],"exclude":[]},"unresolvedImports":[],"projectRootPath":"/home/master/Projects/thewebmasterp.com/content/js","kind":"discover"}
[00:24:07.221] Loaded safelist from types map file '/usr/lib/node_modules/typescript/lib/typesMap.json'
[00:24:07.222] Explicitly included types: []
[00:24:07.222] Inferred typings from unresolved imports: []
[00:24:07.222] Result: {"cachedTypingPaths":[],"newTypingNames":[],"filesToWatch":["/home/master/Projects/thewebmasterp.com/content/js/bower_components","/home/master/Projects/thewebmasterp.com/content/js/node_modules"]}
[00:24:07.222] Finished typings discovery: {"cachedTypingPaths":[],"newTypingNames":[],"filesToWatch":["/home/master/Projects/thewebmasterp.com/content/js/bower_components","/home/master/Projects/thewebmasterp.com/content/js/node_modules"]}
[00:24:07.223] DirectoryWatcher:: Added:: WatchInfo: /home/master/Projects/thewebmasterp.com/content/js/bower_components
[00:24:07.223] DirectoryWatcher:: Added:: WatchInfo: /home/master/Projects/thewebmasterp.com/content/js/bower_components 1 undefined Project: /dev/null/inferredProject1* watcher already invoked: false
[00:24:07.224] Elapsed:: 1.3114430010318756ms DirectoryWatcher:: Added:: WatchInfo: /home/master/Projects/thewebmasterp.com/content/js/bower_components 1 undefined Project: /dev/null/inferredProject1* watcher already invoked: false
[00:24:07.225] DirectoryWatcher:: Added:: WatchInfo: /home/master/Projects/thewebmasterp.com/content/js/node_modules
[00:24:07.225] DirectoryWatcher:: Added:: WatchInfo: /home/master/Projects/thewebmasterp.com/content/js/node_modules 1 undefined Project: /dev/null/inferredProject1* watcher already invoked: false
[00:24:07.225] Elapsed:: 0.12881100177764893ms DirectoryWatcher:: Added:: WatchInfo: /home/master/Projects/thewebmasterp.com/content/js/node_modules 1 undefined Project: /dev/null/inferredProject1* watcher already invoked: false
[00:24:07.225] Sending response:
    {"projectName":"/dev/null/inferredProject1*","typeAcquisition":{"enable":true,"include":[],"exclude":[]},"compilerOptions":{"module":1,"target":3,"jsx":1,"allowJs":true,"allowSyntheticDefaultImports":true,"allowNonTsExtensions":true,"noEmitForJsFiles":true,"maxNodeModuleJsDepth":2},"typings":[],"unresolvedImports":[],"kind":"action::set"}
[00:24:07.225] Response has been sent.
[00:24:07.225] No new typings were requested as a result of typings discovery
