[14:27:19.259] Global cache location '/home/master/.cache/typescript/4.5', safe file path '/usr/lib/node_modules/typescript/lib/typingSafeList.json', types map path /usr/lib/node_modules/typescript/lib/typesMap.json
[14:27:19.260] Processing cache location '/home/master/.cache/typescript/4.5'
[14:27:19.260] Trying to find '/home/master/.cache/typescript/4.5/package.json'...
[14:27:19.263] Loaded content of '/home/master/.cache/typescript/4.5/package.json': {"private":true,"dependencies":{"types-registry":"^0.1.594"},"devDependencies":{"@types/color-convert":"^2.0.0","@types/color-name":"^1.1.1","@types/object-assign":"^4.0.30","@types/prompts":"^2.0.14","@types/react":"^18.0.5","@types/require-directory":"^2.1.2","@types/wrap-ansi":"^8.0.1","@types/yar":"^9.1.1","@types/yargs":"^17.0.10","@types/yargs-parser":"^21.0.0"}}
[14:27:19.263] Loaded content of '/home/master/.cache/typescript/4.5/package-lock.json'
[14:27:19.277] Adding entry into typings cache: 'color-convert' => '/home/master/.cache/typescript/4.5/node_modules/@types/color-convert/index.d.ts'
[14:27:19.280] Adding entry into typings cache: 'color-name' => '/home/master/.cache/typescript/4.5/node_modules/@types/color-name/index.d.ts'
[14:27:19.282] Adding entry into typings cache: 'object-assign' => '/home/master/.cache/typescript/4.5/node_modules/@types/object-assign/index.d.ts'
[14:27:19.284] Adding entry into typings cache: 'prompts' => '/home/master/.cache/typescript/4.5/node_modules/@types/prompts/index.d.ts'
[14:27:19.290] Adding entry into typings cache: 'react' => '/home/master/.cache/typescript/4.5/node_modules/@types/react/index.d.ts'
[14:27:19.292] Adding entry into typings cache: 'require-directory' => '/home/master/.cache/typescript/4.5/node_modules/@types/require-directory/index.d.ts'
[14:27:19.294] Adding entry into typings cache: 'wrap-ansi' => '/home/master/.cache/typescript/4.5/node_modules/@types/wrap-ansi/index.d.ts'
[14:27:19.298] Adding entry into typings cache: 'yar' => '/home/master/.cache/typescript/4.5/node_modules/@types/yar/index.d.ts'
[14:27:19.301] Adding entry into typings cache: 'yargs' => '/home/master/.cache/typescript/4.5/node_modules/@types/yargs/index.d.ts'
[14:27:19.305] Adding entry into typings cache: 'yargs-parser' => '/home/master/.cache/typescript/4.5/node_modules/@types/yargs-parser/index.d.ts'
[14:27:19.305] Finished processing cache location '/home/master/.cache/typescript/4.5'
[14:27:19.305] Process id: 7229
[14:27:19.305] NPM location: /usr/local/bin/npm (explicit '--npmLocation' not  provided)
[14:27:19.305] validateDefaultNpmLocation: false
[14:27:19.305] Npm config file: /home/master/.cache/typescript/4.5/package.json
[14:27:19.305] Updating types-registry npm package...
[14:27:19.305] Exec: /usr/local/bin/npm install --ignore-scripts types-registry@latest
[14:27:21.368]     Succeeded. stdout:
    
    up to date, audited 30 packages in 2s

found 0 vulnerabilities

[14:27:21.368] Updated types-registry npm package
[14:27:24.152] Got install request {"projectName":"/dev/null/inferredProject1*","fileNames":["/usr/lib/node_modules/typescript/lib/lib.es5.d.ts","/usr/lib/node_modules/typescript/lib/lib.es2015.d.ts","/usr/lib/node_modules/typescript/lib/lib.es2016.d.ts","/usr/lib/node_modules/typescript/lib/lib.dom.d.ts","/usr/lib/node_modules/typescript/lib/lib.dom.iterable.d.ts","/usr/lib/node_modules/typescript/lib/lib.webworker.importscripts.d.ts","/usr/lib/node_modules/typescript/lib/lib.scripthost.d.ts","/usr/lib/node_modules/typescript/lib/lib.es2015.core.d.ts","/usr/lib/node_modules/typescript/lib/lib.es2015.collection.d.ts","/usr/lib/node_modules/typescript/lib/lib.es2015.generator.d.ts","/usr/lib/node_modules/typescript/lib/lib.es2015.iterable.d.ts","/usr/lib/node_modules/typescript/lib/lib.es2015.promise.d.ts","/usr/lib/node_modules/typescript/lib/lib.es2015.proxy.d.ts","/usr/lib/node_modules/typescript/lib/lib.es2015.reflect.d.ts","/usr/lib/node_modules/typescript/lib/lib.es2015.symbol.d.ts","/usr/lib/node_modules/typescript/lib/lib.es2015.symbol.wellknown.d.ts","/usr/lib/node_modules/typescript/lib/lib.es2016.array.include.d.ts","/usr/lib/node_modules/typescript/lib/lib.es2016.full.d.ts","/home/master/Projects/thewebmasterp.com/content/js/script.js"],"compilerOptions":{"module":1,"target":3,"jsx":1,"allowJs":true,"allowSyntheticDefaultImports":true,"allowNonTsExtensions":true,"noEmitForJsFiles":true,"maxNodeModuleJsDepth":2},"typeAcquisition":{"enable":true,"include":[],"exclude":[]},"unresolvedImports":[],"projectRootPath":"/home/master/Projects/thewebmasterp.com/content/js","kind":"discover"}
[14:27:24.171] Loaded safelist from types map file '/usr/lib/node_modules/typescript/lib/typesMap.json'
[14:27:24.171] Explicitly included types: []
[14:27:24.172] Inferred typings from unresolved imports: []
[14:27:24.172] Result: {"cachedTypingPaths":[],"newTypingNames":[],"filesToWatch":["/home/master/Projects/thewebmasterp.com/content/js/bower_components","/home/master/Projects/thewebmasterp.com/content/js/node_modules"]}
[14:27:24.172] Finished typings discovery: {"cachedTypingPaths":[],"newTypingNames":[],"filesToWatch":["/home/master/Projects/thewebmasterp.com/content/js/bower_components","/home/master/Projects/thewebmasterp.com/content/js/node_modules"]}
[14:27:24.172] DirectoryWatcher:: Added:: WatchInfo: /home/master/Projects/thewebmasterp.com/content/js/bower_components
[14:27:24.173] DirectoryWatcher:: Added:: WatchInfo: /home/master/Projects/thewebmasterp.com/content/js/bower_components 1 undefined Project: /dev/null/inferredProject1* watcher already invoked: false
[14:27:24.174] Elapsed:: 1.524991000071168ms DirectoryWatcher:: Added:: WatchInfo: /home/master/Projects/thewebmasterp.com/content/js/bower_components 1 undefined Project: /dev/null/inferredProject1* watcher already invoked: false
[14:27:24.175] DirectoryWatcher:: Added:: WatchInfo: /home/master/Projects/thewebmasterp.com/content/js/node_modules
[14:27:24.175] DirectoryWatcher:: Added:: WatchInfo: /home/master/Projects/thewebmasterp.com/content/js/node_modules 1 undefined Project: /dev/null/inferredProject1* watcher already invoked: false
[14:27:24.175] Elapsed:: 0.13630999997258186ms DirectoryWatcher:: Added:: WatchInfo: /home/master/Projects/thewebmasterp.com/content/js/node_modules 1 undefined Project: /dev/null/inferredProject1* watcher already invoked: false
[14:27:24.175] Sending response:
    {"projectName":"/dev/null/inferredProject1*","typeAcquisition":{"enable":true,"include":[],"exclude":[]},"compilerOptions":{"module":1,"target":3,"jsx":1,"allowJs":true,"allowSyntheticDefaultImports":true,"allowNonTsExtensions":true,"noEmitForJsFiles":true,"maxNodeModuleJsDepth":2},"typings":[],"unresolvedImports":[],"kind":"action::set"}
[14:27:24.175] Response has been sent.
[14:27:24.175] No new typings were requested as a result of typings discovery
